<?xml version="1.0" encoding="UTF-8"?>
<!-- Generated by org.testng.reporters.JUnitReportReporter -->
<testsuite hostname="Nguyens-MacBook-Pro.local" failures="0" tests="1" name="com.openweathermap.AppTest" time="0.003" errors="0" timestamp="2021-07-03T00:04:18 ICT" skipped="0">
  <testcase classname="com.openweathermap.AppTest" name="shouldAnswerWithTrue" time="0.003"/>
  <system-out/>
</testsuite> <!-- com.openweathermap.AppTest -->
