<?xml version="1.0" encoding="UTF-8"?>
<!-- Generated by org.testng.reporters.JUnitReportReporter -->
<testsuite hostname="Nguyens-MacBook-Pro.local" failures="0" tests="6" name="com.openweathermap.runners.TestRunner" time="3.360" errors="0" timestamp="2021-07-03T12:03:22 ICT" skipped="0">
  <testcase classname="com.openweathermap.runners.TestRunner" name="runScenario" time="0.322"/>
  <system-out/>
  <testcase classname="com.openweathermap.runners.TestRunner" name="runScenario" time="1.862"/>
  <system-out/>
  <testcase classname="com.openweathermap.runners.TestRunner" name="runScenario" time="0.295"/>
  <system-out/>
  <testcase classname="com.openweathermap.runners.TestRunner" name="runScenario" time="0.290"/>
  <system-out/>
  <testcase classname="com.openweathermap.runners.TestRunner" name="runScenario" time="0.300"/>
  <system-out/>
  <testcase classname="com.openweathermap.runners.TestRunner" name="runScenario" time="0.291"/>
  <system-out/>
</testsuite> <!-- com.openweathermap.runners.TestRunner -->
